2013/06/05 00:33:26 [error] [exception.CDbException] exception 'CDbException' with message 'CDbConnection failed to open the DB connection: SQLSTATE[28000] [1045] Access denied for user 'root'@'localhost' (using password: NO)' in /Applications/MAMP/htdocs/reccms/RecCms/yii/framework/db/CDbConnection.php:382
Stack trace:
#0 /Applications/MAMP/htdocs/reccms/RecCms/yii/framework/db/CDbConnection.php(330): CDbConnection->open()
#1 /Applications/MAMP/htdocs/reccms/RecCms/yii/framework/db/CDbConnection.php(308): CDbConnection->setActive(true)
#2 /Applications/MAMP/htdocs/reccms/RecCms/yii/framework/base/CModule.php(387): CDbConnection->init()
#3 /Applications/MAMP/htdocs/reccms/RecCms/yii/framework/base/CApplication.php(439): CModule->getComponent('db')
#4 /Applications/MAMP/htdocs/reccms/RecCms/yii/framework/db/ar/CActiveRecord.php(634): CApplication->getDb()
#5 /Applications/MAMP/htdocs/reccms/RecCms/yii/framework/db/ar/CActiveRecord.php(2361): CActiveRecord->getDbConnection()
#6 /Applications/MAMP/htdocs/reccms/RecCms/yii/framework/db/ar/CActiveRecord.php(411): CActiveRecordMetaData->__construct(Object(User))
#7 /Applications/MAMP/htdocs/reccms/RecCms/yii/framework/db/ar/CActiveRecord.php(212): CActiveRecord->getMetaData()
#8 /Applications/MAMP/htdocs/reccms/RecCms/protected/modules/user/components/UserIdentity.php(27): CActiveRecord->__call('notsafe', Array)
#9 /Applications/MAMP/htdocs/reccms/RecCms/protected/modules/user/components/UserIdentity.php(27): User->notsafe()
#10 /Applications/MAMP/htdocs/reccms/RecCms/protected/models/LoginForm.php(52): UserIdentity->authenticate()
#11 /Applications/MAMP/htdocs/reccms/RecCms/yii/framework/validators/CInlineValidator.php(42): LoginForm->authenticate('password', Array)
#12 /Applications/MAMP/htdocs/reccms/RecCms/yii/framework/validators/CValidator.php(213): CInlineValidator->validateAttribute(Object(LoginForm), 'password')
#13 /Applications/MAMP/htdocs/reccms/RecCms/yii/framework/base/CModel.php(159): CValidator->validate(Object(LoginForm), NULL)
#14 /Applications/MAMP/htdocs/reccms/RecCms/protected/controllers/SiteController.php(94): CModel->validate()
#15 /Applications/MAMP/htdocs/reccms/RecCms/yii/framework/web/actions/CInlineAction.php(49): SiteController->actionLogin()
#16 /Applications/MAMP/htdocs/reccms/RecCms/yii/framework/web/CController.php(308): CInlineAction->runWithParams(Array)
#17 /Applications/MAMP/htdocs/reccms/RecCms/yii/framework/web/CController.php(286): CController->runAction(Object(CInlineAction))
#18 /Applications/MAMP/htdocs/reccms/RecCms/yii/framework/web/CController.php(265): CController->runActionWithFilters(Object(CInlineAction), Array)
#19 /Applications/MAMP/htdocs/reccms/RecCms/yii/framework/web/CWebApplication.php(282): CController->run('login')
#20 /Applications/MAMP/htdocs/reccms/RecCms/yii/framework/web/CWebApplication.php(141): CWebApplication->runController('site/login')
#21 /Applications/MAMP/htdocs/reccms/RecCms/yii/framework/base/CApplication.php(169): CWebApplication->processRequest()
#22 /Applications/MAMP/htdocs/reccms/RecCms/index.php(13): CApplication->run()
#23 {main}
REQUEST_URI=/index.php?r=site/login
HTTP_REFERER=http://reccms:8888/index.php?r=site/login
---
2013/06/05 00:47:57 [error] [exception.CDbException] exception 'CDbException' with message 'CDbConnection failed to open the DB connection: SQLSTATE[28000] [1045] Access denied for user 'root'@'localhost' (using password: NO)' in /Applications/MAMP/htdocs/reccms/RecCms/yii/framework/db/CDbConnection.php:382
Stack trace:
#0 /Applications/MAMP/htdocs/reccms/RecCms/yii/framework/db/CDbConnection.php(330): CDbConnection->open()
#1 /Applications/MAMP/htdocs/reccms/RecCms/yii/framework/db/CDbConnection.php(308): CDbConnection->setActive(true)
#2 /Applications/MAMP/htdocs/reccms/RecCms/yii/framework/base/CModule.php(387): CDbConnection->init()
#3 /Applications/MAMP/htdocs/reccms/RecCms/yii/framework/base/CApplication.php(439): CModule->getComponent('db')
#4 /Applications/MAMP/htdocs/reccms/RecCms/yii/framework/db/ar/CActiveRecord.php(634): CApplication->getDb()
#5 /Applications/MAMP/htdocs/reccms/RecCms/yii/framework/db/ar/CActiveRecord.php(2361): CActiveRecord->getDbConnection()
#6 /Applications/MAMP/htdocs/reccms/RecCms/yii/framework/db/ar/CActiveRecord.php(411): CActiveRecordMetaData->__construct(Object(User))
#7 /Applications/MAMP/htdocs/reccms/RecCms/yii/framework/db/ar/CActiveRecord.php(212): CActiveRecord->getMetaData()
#8 /Applications/MAMP/htdocs/reccms/RecCms/protected/modules/user/components/UserIdentity.php(27): CActiveRecord->__call('notsafe', Array)
#9 /Applications/MAMP/htdocs/reccms/RecCms/protected/modules/user/components/UserIdentity.php(27): User->notsafe()
#10 /Applications/MAMP/htdocs/reccms/RecCms/protected/models/LoginForm.php(52): UserIdentity->authenticate()
#11 /Applications/MAMP/htdocs/reccms/RecCms/yii/framework/validators/CInlineValidator.php(42): LoginForm->authenticate('password', Array)
#12 /Applications/MAMP/htdocs/reccms/RecCms/yii/framework/validators/CValidator.php(213): CInlineValidator->validateAttribute(Object(LoginForm), 'password')
#13 /Applications/MAMP/htdocs/reccms/RecCms/yii/framework/base/CModel.php(159): CValidator->validate(Object(LoginForm), NULL)
#14 /Applications/MAMP/htdocs/reccms/RecCms/protected/controllers/SiteController.php(94): CModel->validate()
#15 /Applications/MAMP/htdocs/reccms/RecCms/yii/framework/web/actions/CInlineAction.php(49): SiteController->actionLogin()
#16 /Applications/MAMP/htdocs/reccms/RecCms/yii/framework/web/CController.php(308): CInlineAction->runWithParams(Array)
#17 /Applications/MAMP/htdocs/reccms/RecCms/yii/framework/web/CController.php(286): CController->runAction(Object(CInlineAction))
#18 /Applications/MAMP/htdocs/reccms/RecCms/yii/framework/web/CController.php(265): CController->runActionWithFilters(Object(CInlineAction), Array)
#19 /Applications/MAMP/htdocs/reccms/RecCms/yii/framework/web/CWebApplication.php(282): CController->run('login')
#20 /Applications/MAMP/htdocs/reccms/RecCms/yii/framework/web/CWebApplication.php(141): CWebApplication->runController('site/login')
#21 /Applications/MAMP/htdocs/reccms/RecCms/yii/framework/base/CApplication.php(169): CWebApplication->processRequest()
#22 /Applications/MAMP/htdocs/reccms/RecCms/index.php(13): CApplication->run()
#23 {main}
REQUEST_URI=/index.php?r=site/login
HTTP_REFERER=http://reccms:8888/index.php?r=site/login
---
2013/06/05 02:03:18 [error] [exception.CDbException] exception 'CDbException' with message 'CDbConnection failed to open the DB connection: SQLSTATE[28000] [1045] Access denied for user 'root'@'localhost' (using password: NO)' in /Applications/MAMP/htdocs/reccms/RecCms/yii/framework/db/CDbConnection.php:382
Stack trace:
#0 /Applications/MAMP/htdocs/reccms/RecCms/yii/framework/db/CDbConnection.php(330): CDbConnection->open()
#1 /Applications/MAMP/htdocs/reccms/RecCms/yii/framework/db/CDbConnection.php(308): CDbConnection->setActive(true)
#2 /Applications/MAMP/htdocs/reccms/RecCms/yii/framework/base/CModule.php(387): CDbConnection->init()
#3 /Applications/MAMP/htdocs/reccms/RecCms/yii/framework/base/CModule.php(103): CModule->getComponent('db')
#4 /Applications/MAMP/htdocs/reccms/RecCms/yii/framework/gii/generators/model/ModelCode.php(60): CModule->__get('db')
#5 /Applications/MAMP/htdocs/reccms/RecCms/yii/framework/web/CFormModel.php(39): ModelCode->init()
#6 /Applications/MAMP/htdocs/reccms/RecCms/yii/framework/gii/CCodeGenerator.php(153): CFormModel->__construct()
#7 /Applications/MAMP/htdocs/reccms/RecCms/yii/framework/gii/CCodeGenerator.php(63): CCodeGenerator->prepare()
#8 /Applications/MAMP/htdocs/reccms/RecCms/yii/framework/web/actions/CInlineAction.php(49): CCodeGenerator->actionIndex()
#9 /Applications/MAMP/htdocs/reccms/RecCms/yii/framework/web/CController.php(308): CInlineAction->runWithParams(Array)
#10 /Applications/MAMP/htdocs/reccms/RecCms/yii/framework/web/CController.php(286): CController->runAction(Object(CInlineAction))
#11 /Applications/MAMP/htdocs/reccms/RecCms/yii/framework/web/CController.php(265): CController->runActionWithFilters(Object(CInlineAction), Array)
#12 /Applications/MAMP/htdocs/reccms/RecCms/yii/framework/web/CWebApplication.php(282): CController->run('index')
#13 /Applications/MAMP/htdocs/reccms/RecCms/yii/framework/web/CWebApplication.php(141): CWebApplication->runController('gii/model/index')
#14 /Applications/MAMP/htdocs/reccms/RecCms/yii/framework/base/CApplication.php(169): CWebApplication->processRequest()
#15 /Applications/MAMP/htdocs/reccms/RecCms/index.php(13): CApplication->run()
#16 {main}
REQUEST_URI=/index.php?r=gii/model/index
HTTP_REFERER=http://reccms:8888/index.php?r=gii/default/index
---
2013/06/05 10:32:41 [error] [system.db.CDbCommand] CDbCommand::fetchAll() failed: SQLSTATE[42S02]: Base table or view not found: 1146 Table 'reccms.tbl_users' doesn't exist. The SQL statement executed was: SHOW FULL COLUMNS FROM `tbl_users`.
in /Applications/MAMP/htdocs/reccms/RecCms/protected/modules/user/components/UserIdentity.php (27)
in /Applications/MAMP/htdocs/reccms/RecCms/protected/modules/user/components/UserIdentity.php (27)
in /Applications/MAMP/htdocs/reccms/RecCms/protected/models/LoginForm.php (52)
2013/06/05 10:32:41 [error] [exception.CDbException] exception 'CDbException' with message 'The table "{{users}}" for active record class "User" cannot be found in the database.' in /Applications/MAMP/htdocs/reccms/RecCms/yii/framework/db/ar/CActiveRecord.php:2362
Stack trace:
#0 /Applications/MAMP/htdocs/reccms/RecCms/yii/framework/db/ar/CActiveRecord.php(411): CActiveRecordMetaData->__construct(Object(User))
#1 /Applications/MAMP/htdocs/reccms/RecCms/yii/framework/db/ar/CActiveRecord.php(212): CActiveRecord->getMetaData()
#2 /Applications/MAMP/htdocs/reccms/RecCms/protected/modules/user/components/UserIdentity.php(27): CActiveRecord->__call('notsafe', Array)
#3 /Applications/MAMP/htdocs/reccms/RecCms/protected/modules/user/components/UserIdentity.php(27): User->notsafe()
#4 /Applications/MAMP/htdocs/reccms/RecCms/protected/models/LoginForm.php(52): UserIdentity->authenticate()
#5 /Applications/MAMP/htdocs/reccms/RecCms/yii/framework/validators/CInlineValidator.php(42): LoginForm->authenticate('password', Array)
#6 /Applications/MAMP/htdocs/reccms/RecCms/yii/framework/validators/CValidator.php(213): CInlineValidator->validateAttribute(Object(LoginForm), 'password')
#7 /Applications/MAMP/htdocs/reccms/RecCms/yii/framework/base/CModel.php(159): CValidator->validate(Object(LoginForm), NULL)
#8 /Applications/MAMP/htdocs/reccms/RecCms/protected/controllers/SiteController.php(94): CModel->validate()
#9 /Applications/MAMP/htdocs/reccms/RecCms/yii/framework/web/actions/CInlineAction.php(49): SiteController->actionLogin()
#10 /Applications/MAMP/htdocs/reccms/RecCms/yii/framework/web/CController.php(308): CInlineAction->runWithParams(Array)
#11 /Applications/MAMP/htdocs/reccms/RecCms/yii/framework/web/CController.php(286): CController->runAction(Object(CInlineAction))
#12 /Applications/MAMP/htdocs/reccms/RecCms/yii/framework/web/CController.php(265): CController->runActionWithFilters(Object(CInlineAction), Array)
#13 /Applications/MAMP/htdocs/reccms/RecCms/yii/framework/web/CWebApplication.php(282): CController->run('login')
#14 /Applications/MAMP/htdocs/reccms/RecCms/yii/framework/web/CWebApplication.php(141): CWebApplication->runController('site/login')
#15 /Applications/MAMP/htdocs/reccms/RecCms/yii/framework/base/CApplication.php(169): CWebApplication->processRequest()
#16 /Applications/MAMP/htdocs/reccms/RecCms/index.php(13): CApplication->run()
#17 {main}
REQUEST_URI=/index.php?r=site/login
HTTP_REFERER=http://reccms:8888/index.php?r=site/login
---
